\BOOKMARK [0][-]{chapter.1}{\376\377\000N\000a\000m\000e\000s\000p\000a\000c\000e\000\040\000I\000n\000d\000e\000x}{}
\BOOKMARK [1][-]{section.1.1}{\376\377\000N\000a\000m\000e\000s\000p\000a\000c\000e\000\040\000L\000i\000s\000t}{chapter.1}
\BOOKMARK [0][-]{chapter.2}{\376\377\000C\000l\000a\000s\000s\000\040\000I\000n\000d\000e\000x}{}
\BOOKMARK [1][-]{section.2.1}{\376\377\000C\000l\000a\000s\000s\000\040\000L\000i\000s\000t}{chapter.2}
\BOOKMARK [0][-]{chapter.3}{\376\377\000F\000i\000l\000e\000\040\000I\000n\000d\000e\000x}{}
\BOOKMARK [1][-]{section.3.1}{\376\377\000F\000i\000l\000e\000\040\000L\000i\000s\000t}{chapter.3}
\BOOKMARK [0][-]{chapter.4}{\376\377\000N\000a\000m\000e\000s\000p\000a\000c\000e\000\040\000D\000o\000c\000u\000m\000e\000n\000t\000a\000t\000i\000o\000n}{}
\BOOKMARK [1][-]{section.4.1}{\376\377\000E\000a\000r\000l\000s\000\137\000A\000d\000m\000i\000n\000\040\000N\000a\000m\000e\000s\000p\000a\000c\000e\000\040\000R\000e\000f\000e\000r\000e\000n\000c\000e}{chapter.4}
\BOOKMARK [1][-]{section.4.2}{\376\377\000E\000a\000r\000l\000s\000\137\000A\000d\000m\000i\000n\000:\000:\000a\000d\000d\000P\000r\000i\000n\000t\000e\000r\000D\000a\000t\000a\000\040\000N\000a\000m\000e\000s\000p\000a\000c\000e\000\040\000R\000e\000f\000e\000r\000e\000n\000c\000e}{chapter.4}
\BOOKMARK [2][-]{subsection.4.2.1}{\376\377\000F\000u\000n\000c\000t\000i\000o\000n\000\040\000D\000o\000c\000u\000m\000e\000n\000t\000a\000t\000i\000o\000n}{section.4.2}
\BOOKMARK [3][-]{subsubsection.4.2.1.1}{\376\377\000B\0001\0005\000L\000a\000s}{subsection.4.2.1}
\BOOKMARK [3][-]{subsubsection.4.2.1.2}{\376\377\000s\000e\000t\000u\000p\000\137\000e\000n\000v\000i\000r\000o\000n\000m\000e\000n\000t}{subsection.4.2.1}
\BOOKMARK [3][-]{subsubsection.4.2.1.3}{\376\377\000T\0003\000L\000a\000s}{subsection.4.2.1}
\BOOKMARK [1][-]{section.4.3}{\376\377\000E\000a\000r\000l\000s\000\137\000A\000d\000m\000i\000n\000:\000:\000l\000o\000a\000n\000i\000n\000g\000\040\000N\000a\000m\000e\000s\000p\000a\000c\000e\000\040\000R\000e\000f\000e\000r\000e\000n\000c\000e}{chapter.4}
\BOOKMARK [1][-]{section.4.4}{\376\377\000E\000a\000r\000l\000s\000\137\000A\000d\000m\000i\000n\000:\000:\000l\000o\000a\000n\000i\000n\000g\000:\000:\000m\000o\000d\000e\000l\000s\000\040\000N\000a\000m\000e\000s\000p\000a\000c\000e\000\040\000R\000e\000f\000e\000r\000e\000n\000c\000e}{chapter.4}
\BOOKMARK [1][-]{section.4.5}{\376\377\000E\000a\000r\000l\000s\000\137\000A\000d\000m\000i\000n\000:\000:\000l\000o\000a\000n\000i\000n\000g\000:\000:\000v\000i\000e\000w\000s\000\040\000N\000a\000m\000e\000s\000p\000a\000c\000e\000\040\000R\000e\000f\000e\000r\000e\000n\000c\000e}{chapter.4}
\BOOKMARK [2][-]{subsection.4.5.1}{\376\377\000F\000u\000n\000c\000t\000i\000o\000n\000\040\000D\000o\000c\000u\000m\000e\000n\000t\000a\000t\000i\000o\000n}{section.4.5}
\BOOKMARK [3][-]{subsubsection.4.5.1.1}{\376\377\000a\000d\000d\000I\000t\000e\000m}{subsection.4.5.1}
\BOOKMARK [3][-]{subsubsection.4.5.1.2}{\376\377\000a\000d\000d\000I\000t\000e\000m\000D\000B}{subsection.4.5.1}
\BOOKMARK [3][-]{subsubsection.4.5.1.3}{\376\377\000a\000d\000d\000O\000p\000t\000i\000o\000n}{subsection.4.5.1}
\BOOKMARK [3][-]{subsubsection.4.5.1.4}{\376\377\000a\000d\000d\000O\000p\000t\000i\000o\000n\000D\000B}{subsection.4.5.1}
\BOOKMARK [3][-]{subsubsection.4.5.1.5}{\376\377\000a\000d\000d\000P\000e\000r\000s\000o\000n}{subsection.4.5.1}
\BOOKMARK [3][-]{subsubsection.4.5.1.6}{\376\377\000a\000d\000d\000P\000e\000r\000s\000o\000n\000D\000B}{subsection.4.5.1}
\BOOKMARK [3][-]{subsubsection.4.5.1.7}{\376\377\000c\000h\000e\000c\000k\000I\000n\000p\000u\000t}{subsection.4.5.1}
\BOOKMARK [3][-]{subsubsection.4.5.1.8}{\376\377\000e\000x\000e\000c\000u\000t\000e\000\137\000i\000t\000e\000m\000s}{subsection.4.5.1}
\BOOKMARK [3][-]{subsubsection.4.5.1.9}{\376\377\000e\000x\000e\000c\000u\000t\000e\000\137\000p\000e\000o\000p\000l\000e}{subsection.4.5.1}
\BOOKMARK [3][-]{subsubsection.4.5.1.10}{\376\377\000i\000n\000d\000e\000x}{subsection.4.5.1}
\BOOKMARK [3][-]{subsubsection.4.5.1.11}{\376\377\000l\000o\000a\000n\000\137\000d\000i\000s\000p\000l\000a\000y}{subsection.4.5.1}
\BOOKMARK [3][-]{subsubsection.4.5.1.12}{\376\377\000l\000o\000a\000n\000\137\000i\000t\000e\000m\000\137\000s\000t\000e\000p\0001}{subsection.4.5.1}
\BOOKMARK [3][-]{subsubsection.4.5.1.13}{\376\377\000s\000e\000a\000r\000c\000h}{subsection.4.5.1}
\BOOKMARK [3][-]{subsubsection.4.5.1.14}{\376\377\000s\000e\000a\000r\000c\000h\000\137\000i\000t\000e\000m\000s}{subsection.4.5.1}
\BOOKMARK [3][-]{subsubsection.4.5.1.15}{\376\377\000s\000e\000a\000r\000c\000h\000\137\000p\000e\000o\000p\000l\000e}{subsection.4.5.1}
\BOOKMARK [3][-]{subsubsection.4.5.1.16}{\376\377\000t\000e\000s\000t}{subsection.4.5.1}
\BOOKMARK [3][-]{subsubsection.4.5.1.17}{\376\377\000t\000y\000p\000e\000\137\000v\000i\000e\000w}{subsection.4.5.1}
\BOOKMARK [3][-]{subsubsection.4.5.1.18}{\376\377\000v\000i\000e\000w\000\137\000d\000i\000s\000p\000l\000a\000y}{subsection.4.5.1}
\BOOKMARK [1][-]{section.4.6}{\376\377\000E\000a\000r\000l\000s\000\137\000A\000d\000m\000i\000n\000:\000:\000m\000a\000n\000a\000g\000e\000\040\000N\000a\000m\000e\000s\000p\000a\000c\000e\000\040\000R\000e\000f\000e\000r\000e\000n\000c\000e}{chapter.4}
\BOOKMARK [1][-]{section.4.7}{\376\377\000E\000a\000r\000l\000s\000\137\000A\000d\000m\000i\000n\000:\000:\000p\000r\000i\000n\000t\000e\000r\000\137\000a\000d\000m\000i\000n\000\040\000N\000a\000m\000e\000s\000p\000a\000c\000e\000\040\000R\000e\000f\000e\000r\000e\000n\000c\000e}{chapter.4}
\BOOKMARK [1][-]{section.4.8}{\376\377\000E\000a\000r\000l\000s\000\137\000A\000d\000m\000i\000n\000:\000:\000p\000r\000i\000n\000t\000e\000r\000\137\000a\000d\000m\000i\000n\000:\000:\000m\000o\000d\000e\000l\000s\000\040\000N\000a\000m\000e\000s\000p\000a\000c\000e\000\040\000R\000e\000f\000e\000r\000e\000n\000c\000e}{chapter.4}
\BOOKMARK [1][-]{section.4.9}{\376\377\000E\000a\000r\000l\000s\000\137\000A\000d\000m\000i\000n\000:\000:\000p\000r\000i\000n\000t\000e\000r\000\137\000a\000d\000m\000i\000n\000:\000:\000r\000u\000n\000\040\000N\000a\000m\000e\000s\000p\000a\000c\000e\000\040\000R\000e\000f\000e\000r\000e\000n\000c\000e}{chapter.4}
\BOOKMARK [2][-]{subsection.4.9.1}{\376\377\000V\000a\000r\000i\000a\000b\000l\000e\000\040\000D\000o\000c\000u\000m\000e\000n\000t\000a\000t\000i\000o\000n}{section.4.9}
\BOOKMARK [3][-]{subsubsection.4.9.1.1}{\376\377\000f\000u\000n\000c\000t\000i\000o\000n\000\137\000n\000a\000m\000e}{subsection.4.9.1}
\BOOKMARK [3][-]{subsubsection.4.9.1.2}{\376\377\000m\000o\000d\000u\000l\000e\000\137\000n\000a\000m\000e}{subsection.4.9.1}
\BOOKMARK [1][-]{section.4.10}{\376\377\000E\000a\000r\000l\000s\000\137\000A\000d\000m\000i\000n\000:\000:\000p\000r\000i\000n\000t\000e\000r\000\137\000a\000d\000m\000i\000n\000:\000:\000v\000i\000e\000w\000s\000\040\000N\000a\000m\000e\000s\000p\000a\000c\000e\000\040\000R\000e\000f\000e\000r\000e\000n\000c\000e}{chapter.4}
\BOOKMARK [2][-]{subsection.4.10.1}{\376\377\000F\000u\000n\000c\000t\000i\000o\000n\000\040\000D\000o\000c\000u\000m\000e\000n\000t\000a\000t\000i\000o\000n}{section.4.10}
\BOOKMARK [3][-]{subsubsection.4.10.1.1}{\376\377\000a\000l\000l\000\137\000j\000o\000b\000s}{subsection.4.10.1}
\BOOKMARK [3][-]{subsubsection.4.10.1.2}{\376\377\000i\000n\000d\000e\000x}{subsection.4.10.1}
\BOOKMARK [3][-]{subsubsection.4.10.1.3}{\376\377\000p\000r\000i\000n\000t\000e\000r\000\137\000v\000a\000l\000s}{subsection.4.10.1}
\BOOKMARK [3][-]{subsubsection.4.10.1.4}{\376\377\000r\000o\000o\000m}{subsection.4.10.1}
\BOOKMARK [1][-]{section.4.11}{\376\377\000E\000a\000r\000l\000s\000\137\000A\000d\000m\000i\000n\000:\000:\000s\000e\000n\000d\000E\000m\000a\000i\000l\000\040\000N\000a\000m\000e\000s\000p\000a\000c\000e\000\040\000R\000e\000f\000e\000r\000e\000n\000c\000e}{chapter.4}
\BOOKMARK [2][-]{subsection.4.11.1}{\376\377\000F\000u\000n\000c\000t\000i\000o\000n\000\040\000D\000o\000c\000u\000m\000e\000n\000t\000a\000t\000i\000o\000n}{section.4.11}
\BOOKMARK [3][-]{subsubsection.4.11.1.1}{\376\377\000s\000e\000t\000u\000p\000\137\000e\000n\000v\000i\000r\000o\000n\000m\000e\000n\000t}{subsection.4.11.1}
\BOOKMARK [2][-]{subsection.4.11.2}{\376\377\000V\000a\000r\000i\000a\000b\000l\000e\000\040\000D\000o\000c\000u\000m\000e\000n\000t\000a\000t\000i\000o\000n}{section.4.11}
\BOOKMARK [3][-]{subsubsection.4.11.2.1}{\376\377\000E\000M\000A\000I\000L\000\137\000H\000O\000S\000T}{subsection.4.11.2}
\BOOKMARK [3][-]{subsubsection.4.11.2.2}{\376\377\000E\000M\000A\000I\000L\000\137\000P\000O\000R\000T}{subsection.4.11.2}
\BOOKMARK [1][-]{section.4.12}{\376\377\000E\000a\000r\000l\000s\000\137\000A\000d\000m\000i\000n\000:\000:\000s\000e\000t\000t\000i\000n\000g\000s\000\040\000N\000a\000m\000e\000s\000p\000a\000c\000e\000\040\000R\000e\000f\000e\000r\000e\000n\000c\000e}{chapter.4}
\BOOKMARK [2][-]{subsection.4.12.1}{\376\377\000V\000a\000r\000i\000a\000b\000l\000e\000\040\000D\000o\000c\000u\000m\000e\000n\000t\000a\000t\000i\000o\000n}{section.4.12}
\BOOKMARK [3][-]{subsubsection.4.12.1.1}{\376\377\000A\000D\000M\000I\000N\000\137\000M\000E\000D\000I\000A\000\137\000P\000R\000E\000F\000I\000X}{subsection.4.12.1}
\BOOKMARK [3][-]{subsubsection.4.12.1.2}{\376\377\000A\000D\000M\000I\000N\000S}{subsection.4.12.1}
\BOOKMARK [3][-]{subsubsection.4.12.1.3}{\376\377\000D\000A\000T\000A\000B\000A\000S\000E\000\137\000E\000N\000G\000I\000N\000E}{subsection.4.12.1}
\BOOKMARK [3][-]{subsubsection.4.12.1.4}{\376\377\000D\000A\000T\000A\000B\000A\000S\000E\000\137\000H\000O\000S\000T}{subsection.4.12.1}
\BOOKMARK [3][-]{subsubsection.4.12.1.5}{\376\377\000D\000A\000T\000A\000B\000A\000S\000E\000\137\000N\000A\000M\000E}{subsection.4.12.1}
\BOOKMARK [3][-]{subsubsection.4.12.1.6}{\376\377\000D\000A\000T\000A\000B\000A\000S\000E\000\137\000P\000A\000S\000S\000W\000O\000R\000D}{subsection.4.12.1}
\BOOKMARK [3][-]{subsubsection.4.12.1.7}{\376\377\000D\000A\000T\000A\000B\000A\000S\000E\000\137\000P\000O\000R\000T}{subsection.4.12.1}
\BOOKMARK [3][-]{subsubsection.4.12.1.8}{\376\377\000D\000A\000T\000A\000B\000A\000S\000E\000\137\000U\000S\000E\000R}{subsection.4.12.1}
\BOOKMARK [3][-]{subsubsection.4.12.1.9}{\376\377\000D\000E\000B\000U\000G}{subsection.4.12.1}
\BOOKMARK [3][-]{subsubsection.4.12.1.10}{\376\377\000I\000N\000S\000T\000A\000L\000L\000E\000D\000\137\000A\000P\000P\000S}{subsection.4.12.1}
\BOOKMARK [3][-]{subsubsection.4.12.1.11}{\376\377\000L\000A\000N\000G\000U\000A\000G\000E\000\137\000C\000O\000D\000E}{subsection.4.12.1}
\BOOKMARK [3][-]{subsubsection.4.12.1.12}{\376\377\000M\000A\000N\000A\000G\000E\000R\000S}{subsection.4.12.1}
\BOOKMARK [3][-]{subsubsection.4.12.1.13}{\376\377\000M\000E\000D\000I\000A\000\137\000R\000O\000O\000T}{subsection.4.12.1}
\BOOKMARK [3][-]{subsubsection.4.12.1.14}{\376\377\000M\000E\000D\000I\000A\000\137\000U\000R\000L}{subsection.4.12.1}
\BOOKMARK [3][-]{subsubsection.4.12.1.15}{\376\377\000M\000I\000D\000D\000L\000E\000W\000A\000R\000E\000\137\000C\000L\000A\000S\000S\000E\000S}{subsection.4.12.1}
\BOOKMARK [3][-]{subsubsection.4.12.1.16}{\376\377\000R\000O\000O\000T\000\137\000U\000R\000L\000C\000O\000N\000F}{subsection.4.12.1}
\BOOKMARK [3][-]{subsubsection.4.12.1.17}{\376\377\000S\000E\000C\000R\000E\000T\000\137\000K\000E\000Y}{subsection.4.12.1}
\BOOKMARK [3][-]{subsubsection.4.12.1.18}{\376\377\000S\000I\000T\000E\000\137\000I\000D}{subsection.4.12.1}
\BOOKMARK [3][-]{subsubsection.4.12.1.19}{\376\377\000T\000E\000M\000P\000L\000A\000T\000E\000\137\000D\000E\000B\000U\000G}{subsection.4.12.1}
\BOOKMARK [3][-]{subsubsection.4.12.1.20}{\376\377\000T\000E\000M\000P\000L\000A\000T\000E\000\137\000D\000I\000R\000S}{subsection.4.12.1}
\BOOKMARK [3][-]{subsubsection.4.12.1.21}{\376\377\000T\000E\000M\000P\000L\000A\000T\000E\000\137\000L\000O\000A\000D\000E\000R\000S}{subsection.4.12.1}
\BOOKMARK [3][-]{subsubsection.4.12.1.22}{\376\377\000T\000I\000M\000E\000\137\000Z\000O\000N\000E}{subsection.4.12.1}
\BOOKMARK [3][-]{subsubsection.4.12.1.23}{\376\377\000U\000S\000E\000\137\000I\0001\0008\000N}{subsection.4.12.1}
\BOOKMARK [1][-]{section.4.13}{\376\377\000E\000a\000r\000l\000s\000\137\000A\000d\000m\000i\000n\000:\000:\000u\000r\000l\000s\000\040\000N\000a\000m\000e\000s\000p\000a\000c\000e\000\040\000R\000e\000f\000e\000r\000e\000n\000c\000e}{chapter.4}
\BOOKMARK [2][-]{subsection.4.13.1}{\376\377\000V\000a\000r\000i\000a\000b\000l\000e\000\040\000D\000o\000c\000u\000m\000e\000n\000t\000a\000t\000i\000o\000n}{section.4.13}
\BOOKMARK [3][-]{subsubsection.4.13.1.1}{\376\377\000u\000r\000l\000p\000a\000t\000t\000e\000r\000n\000s}{subsection.4.13.1}
\BOOKMARK [0][-]{chapter.5}{\376\377\000C\000l\000a\000s\000s\000\040\000D\000o\000c\000u\000m\000e\000n\000t\000a\000t\000i\000o\000n}{}
\BOOKMARK [1][-]{section.5.1}{\376\377\000E\000a\000r\000l\000s\000\137\000A\000d\000m\000i\000n\000:\000:\000l\000o\000a\000n\000i\000n\000g\000:\000:\000m\000o\000d\000e\000l\000s\000:\000:\000B\000o\000r\000r\000o\000w\000e\000r\000\040\000C\000l\000a\000s\000s\000\040\000R\000e\000f\000e\000r\000e\000n\000c\000e}{chapter.5}
\BOOKMARK [2][-]{subsection.5.1.1}{\376\377\000D\000e\000t\000a\000i\000l\000e\000d\000\040\000D\000e\000s\000c\000r\000i\000p\000t\000i\000o\000n}{section.5.1}
\BOOKMARK [2][-]{subsection.5.1.2}{\376\377\000M\000e\000m\000b\000e\000r\000\040\000D\000a\000t\000a\000\040\000D\000o\000c\000u\000m\000e\000n\000t\000a\000t\000i\000o\000n}{section.5.1}
\BOOKMARK [3][-]{subsubsection.5.1.2.1}{\376\377\000s\000c\000h\000o\000o\000l\000i\000d\000n\000u\000m}{subsection.5.1.2}
\BOOKMARK [3][-]{subsubsection.5.1.2.2}{\376\377\000f\000o\000r\000e\000n\000a\000m\000e}{subsection.5.1.2}
\BOOKMARK [3][-]{subsubsection.5.1.2.3}{\376\377\000s\000u\000r\000n\000a\000m\000e}{subsection.5.1.2}
\BOOKMARK [3][-]{subsubsection.5.1.2.4}{\376\377\000s\000t\000a\000t\000u\000s}{subsection.5.1.2}
\BOOKMARK [3][-]{subsubsection.5.1.2.5}{\376\377\000n\000o\000t\000e\000s}{subsection.5.1.2}
\BOOKMARK [1][-]{section.5.2}{\376\377\000E\000a\000r\000l\000s\000\137\000A\000d\000m\000i\000n\000:\000:\000l\000o\000a\000n\000i\000n\000g\000:\000:\000m\000o\000d\000e\000l\000s\000:\000:\000I\000n\000v\000e\000n\000t\000o\000r\000y\000\040\000C\000l\000a\000s\000s\000\040\000R\000e\000f\000e\000r\000e\000n\000c\000e}{chapter.5}
\BOOKMARK [2][-]{subsection.5.2.1}{\376\377\000D\000e\000t\000a\000i\000l\000e\000d\000\040\000D\000e\000s\000c\000r\000i\000p\000t\000i\000o\000n}{section.5.2}
\BOOKMARK [2][-]{subsection.5.2.2}{\376\377\000M\000e\000m\000b\000e\000r\000\040\000D\000a\000t\000a\000\040\000D\000o\000c\000u\000m\000e\000n\000t\000a\000t\000i\000o\000n}{section.5.2}
\BOOKMARK [3][-]{subsubsection.5.2.2.1}{\376\377\000s\000e\000r\000i\000a\000l}{subsection.5.2.2}
\BOOKMARK [3][-]{subsubsection.5.2.2.2}{\376\377\000c\000a\000t\000e\000g\000o\000r\000y}{subsection.5.2.2}
\BOOKMARK [3][-]{subsubsection.5.2.2.3}{\376\377\000s\000u\000b\000c\000a\000t}{subsection.5.2.2}
\BOOKMARK [3][-]{subsubsection.5.2.2.4}{\376\377\000m\000a\000k\000e}{subsection.5.2.2}
\BOOKMARK [3][-]{subsubsection.5.2.2.5}{\376\377\000m\000o\000d\000e\000l}{subsection.5.2.2}
\BOOKMARK [3][-]{subsubsection.5.2.2.6}{\376\377\000l\000o\000c\000a\000t\000i\000o\000n}{subsection.5.2.2}
\BOOKMARK [3][-]{subsubsection.5.2.2.7}{\376\377\000p\000c\000s\000t\000a\000t\000u\000s}{subsection.5.2.2}
\BOOKMARK [3][-]{subsubsection.5.2.2.8}{\376\377\000l\000o\000a\000n\000a\000b\000l\000e}{subsection.5.2.2}
\BOOKMARK [3][-]{subsubsection.5.2.2.9}{\376\377\000i\000n\000s\000e\000r\000v\000i\000c\000e}{subsection.5.2.2}
\BOOKMARK [3][-]{subsubsection.5.2.2.10}{\376\377\000n\000o\000t\000e\000s}{subsection.5.2.2}
\BOOKMARK [3][-]{subsubsection.5.2.2.11}{\376\377\000p\000r\000i\000c\000e}{subsection.5.2.2}
\BOOKMARK [3][-]{subsubsection.5.2.2.12}{\376\377\000d\000a\000t\000e\000p\000u\000r\000c\000h\000a\000s\000e\000d}{subsection.5.2.2}
\BOOKMARK [3][-]{subsubsection.5.2.2.13}{\376\377\000w\000a\000r\000r\000a\000n\000t\000y\000l\000e\000n\000g\000t\000h}{subsection.5.2.2}
\BOOKMARK [1][-]{section.5.3}{\376\377\000E\000a\000r\000l\000s\000\137\000A\000d\000m\000i\000n\000:\000:\000l\000o\000a\000n\000i\000n\000g\000:\000:\000m\000o\000d\000e\000l\000s\000:\000:\000L\000o\000a\000n\000i\000n\000g\000\040\000C\000l\000a\000s\000s\000\040\000R\000e\000f\000e\000r\000e\000n\000c\000e}{chapter.5}
\BOOKMARK [2][-]{subsection.5.3.1}{\376\377\000D\000e\000t\000a\000i\000l\000e\000d\000\040\000D\000e\000s\000c\000r\000i\000p\000t\000i\000o\000n}{section.5.3}
\BOOKMARK [2][-]{subsection.5.3.2}{\376\377\000M\000e\000m\000b\000e\000r\000\040\000D\000a\000t\000a\000\040\000D\000o\000c\000u\000m\000e\000n\000t\000a\000t\000i\000o\000n}{section.5.3}
\BOOKMARK [3][-]{subsubsection.5.3.2.1}{\376\377\000b\000o\000r\000r\000o\000w\000e\000r}{subsection.5.3.2}
\BOOKMARK [3][-]{subsubsection.5.3.2.2}{\376\377\000i\000t\000e\000m}{subsection.5.3.2}
\BOOKMARK [3][-]{subsubsection.5.3.2.3}{\376\377\000d\000a\000t\000e\000r\000e\000q}{subsection.5.3.2}
\BOOKMARK [3][-]{subsubsection.5.3.2.4}{\376\377\000d\000a\000t\000e\000l\000o\000a\000n}{subsection.5.3.2}
\BOOKMARK [3][-]{subsubsection.5.3.2.5}{\376\377\000d\000a\000t\000e\000r\000e\000t}{subsection.5.3.2}
\BOOKMARK [3][-]{subsubsection.5.3.2.6}{\376\377\000d\000a\000t\000e\000r\000e\000t\000b\000y}{subsection.5.3.2}
\BOOKMARK [3][-]{subsubsection.5.3.2.7}{\376\377\000r\000e\000t\000b\000y}{subsection.5.3.2}
\BOOKMARK [1][-]{section.5.4}{\376\377\000E\000a\000r\000l\000s\000\137\000A\000d\000m\000i\000n\000:\000:\000l\000o\000a\000n\000i\000n\000g\000:\000:\000m\000o\000d\000e\000l\000s\000:\000:\000L\000o\000g\000g\000i\000n\000g\000\040\000C\000l\000a\000s\000s\000\040\000R\000e\000f\000e\000r\000e\000n\000c\000e}{chapter.5}
\BOOKMARK [2][-]{subsection.5.4.1}{\376\377\000D\000e\000t\000a\000i\000l\000e\000d\000\040\000D\000e\000s\000c\000r\000i\000p\000t\000i\000o\000n}{section.5.4}
\BOOKMARK [2][-]{subsection.5.4.2}{\376\377\000M\000e\000m\000b\000e\000r\000\040\000D\000a\000t\000a\000\040\000D\000o\000c\000u\000m\000e\000n\000t\000a\000t\000i\000o\000n}{section.5.4}
\BOOKMARK [3][-]{subsubsection.5.4.2.1}{\376\377\000f\000a\000u\000l\000t\000d\000a\000t\000e}{subsection.5.4.2}
\BOOKMARK [3][-]{subsubsection.5.4.2.2}{\376\377\000f\000a\000u\000l\000t\000r\000e\000p}{subsection.5.4.2}
\BOOKMARK [3][-]{subsubsection.5.4.2.3}{\376\377\000f\000a\000u\000l\000t\000l\000o\000g}{subsection.5.4.2}
\BOOKMARK [3][-]{subsubsection.5.4.2.4}{\376\377\000f\000a\000u\000l\000t\000i\000t\000e\000m}{subsection.5.4.2}
\BOOKMARK [3][-]{subsubsection.5.4.2.5}{\376\377\000f\000a\000u\000l\000t}{subsection.5.4.2}
\BOOKMARK [3][-]{subsubsection.5.4.2.6}{\376\377\000s\000u\000s\000r\000e\000p}{subsection.5.4.2}
\BOOKMARK [3][-]{subsubsection.5.4.2.7}{\376\377\000a\000c\000t\000r\000e\000p}{subsection.5.4.2}
\BOOKMARK [3][-]{subsubsection.5.4.2.8}{\376\377\000r\000e\000p\000d\000a\000t\000e}{subsection.5.4.2}
\BOOKMARK [3][-]{subsubsection.5.4.2.9}{\376\377\000i\000n\000t\000e\000r\000n\000a\000l}{subsection.5.4.2}
\BOOKMARK [1][-]{section.5.5}{\376\377\000E\000a\000r\000l\000s\000\137\000A\000d\000m\000i\000n\000:\000:\000l\000o\000a\000n\000i\000n\000g\000:\000:\000m\000o\000d\000e\000l\000s\000:\000:\000O\000p\000t\000i\000o\000n\000s\000\040\000C\000l\000a\000s\000s\000\040\000R\000e\000f\000e\000r\000e\000n\000c\000e}{chapter.5}
\BOOKMARK [2][-]{subsection.5.5.1}{\376\377\000D\000e\000t\000a\000i\000l\000e\000d\000\040\000D\000e\000s\000c\000r\000i\000p\000t\000i\000o\000n}{section.5.5}
\BOOKMARK [2][-]{subsection.5.5.2}{\376\377\000M\000e\000m\000b\000e\000r\000\040\000D\000a\000t\000a\000\040\000D\000o\000c\000u\000m\000e\000n\000t\000a\000t\000i\000o\000n}{section.5.5}
\BOOKMARK [3][-]{subsubsection.5.5.2.1}{\376\377\000o\000p\000t\000i\000o\000n}{subsection.5.5.2}
\BOOKMARK [3][-]{subsubsection.5.5.2.2}{\376\377\000v\000a\000l\000u\000e}{subsection.5.5.2}
\BOOKMARK [1][-]{section.5.6}{\376\377\000E\000a\000r\000l\000s\000\137\000A\000d\000m\000i\000n\000:\000:\000p\000r\000i\000n\000t\000e\000r\000\137\000a\000d\000m\000i\000n\000:\000:\000m\000o\000d\000e\000l\000s\000:\000:\000p\000r\000i\000n\000t\000e\000r\000\137\000a\000d\000m\000i\000n\000\040\000C\000l\000a\000s\000s\000\040\000R\000e\000f\000e\000r\000e\000n\000c\000e}{chapter.5}
\BOOKMARK [2][-]{subsection.5.6.1}{\376\377\000D\000e\000t\000a\000i\000l\000e\000d\000\040\000D\000e\000s\000c\000r\000i\000p\000t\000i\000o\000n}{section.5.6}
\BOOKMARK [2][-]{subsection.5.6.2}{\376\377\000M\000e\000m\000b\000e\000r\000\040\000D\000a\000t\000a\000\040\000D\000o\000c\000u\000m\000e\000n\000t\000a\000t\000i\000o\000n}{section.5.6}
\BOOKMARK [3][-]{subsubsection.5.6.2.1}{\376\377\000m\000a\000k\000e}{subsection.5.6.2}
\BOOKMARK [3][-]{subsubsection.5.6.2.2}{\376\377\000m\000o\000d\000e\000l}{subsection.5.6.2}
\BOOKMARK [3][-]{subsubsection.5.6.2.3}{\376\377\000d\000a\000t\000e}{subsection.5.6.2}
\BOOKMARK [3][-]{subsubsection.5.6.2.4}{\376\377\000l\000o\000c\000a\000t\000i\000o\000n}{subsection.5.6.2}
\BOOKMARK [3][-]{subsubsection.5.6.2.5}{\376\377\000t\000o\000t\000a\000l\000c\000o\000u\000n\000t}{subsection.5.6.2}
\BOOKMARK [3][-]{subsubsection.5.6.2.6}{\376\377\000c\000o\000l\000o\000u\000r\000c\000o\000u\000n\000t}{subsection.5.6.2}
\BOOKMARK [3][-]{subsubsection.5.6.2.7}{\376\377\000m\000o\000n\000o\000c\000o\000u\000n\000t}{subsection.5.6.2}
\BOOKMARK [3][-]{subsubsection.5.6.2.8}{\376\377\000c\000y\000a\000n\000c\000o\000u\000n\000t}{subsection.5.6.2}
\BOOKMARK [3][-]{subsubsection.5.6.2.9}{\376\377\000m\000a\000g\000c\000o\000u\000n\000t}{subsection.5.6.2}
\BOOKMARK [3][-]{subsubsection.5.6.2.10}{\376\377\000y\000e\000l\000c\000o\000u\000n\000t}{subsection.5.6.2}
\BOOKMARK [3][-]{subsubsection.5.6.2.11}{\376\377\000b\000l\000a\000c\000k\000c\000o\000u\000n\000t}{subsection.5.6.2}
\BOOKMARK [3][-]{subsubsection.5.6.2.12}{\376\377\000d\000r\000u\000m\000c\000o\000u\000n\000t}{subsection.5.6.2}
\BOOKMARK [3][-]{subsubsection.5.6.2.13}{\376\377\000d\000i\000f\000f\000t\000o\000t\000a\000l}{subsection.5.6.2}
\BOOKMARK [0][-]{chapter.6}{\376\377\000F\000i\000l\000e\000\040\000D\000o\000c\000u\000m\000e\000n\000t\000a\000t\000i\000o\000n}{}
\BOOKMARK [1][-]{section.6.1}{\376\377\000\137\000\137\000i\000n\000i\000t\000\137\000\137\000.\000p\000y\000\040\000F\000i\000l\000e\000\040\000R\000e\000f\000e\000r\000e\000n\000c\000e}{chapter.6}
\BOOKMARK [1][-]{section.6.2}{\376\377\000l\000o\000a\000n\000i\000n\000g\000/\000\137\000\137\000i\000n\000i\000t\000\137\000\137\000.\000p\000y\000\040\000F\000i\000l\000e\000\040\000R\000e\000f\000e\000r\000e\000n\000c\000e}{chapter.6}
\BOOKMARK [1][-]{section.6.3}{\376\377\000p\000r\000i\000n\000t\000e\000r\000\137\000a\000d\000m\000i\000n\000/\000\137\000\137\000i\000n\000i\000t\000\137\000\137\000.\000p\000y\000\040\000F\000i\000l\000e\000\040\000R\000e\000f\000e\000r\000e\000n\000c\000e}{chapter.6}
\BOOKMARK [1][-]{section.6.4}{\376\377\000a\000d\000d\000P\000r\000i\000n\000t\000e\000r\000D\000a\000t\000a\000.\000p\000y\000\040\000F\000i\000l\000e\000\040\000R\000e\000f\000e\000r\000e\000n\000c\000e}{chapter.6}
\BOOKMARK [1][-]{section.6.5}{\376\377\000l\000o\000a\000n\000i\000n\000g\000/\000m\000o\000d\000e\000l\000s\000.\000p\000y\000\040\000F\000i\000l\000e\000\040\000R\000e\000f\000e\000r\000e\000n\000c\000e}{chapter.6}
\BOOKMARK [1][-]{section.6.6}{\376\377\000p\000r\000i\000n\000t\000e\000r\000\137\000a\000d\000m\000i\000n\000/\000m\000o\000d\000e\000l\000s\000.\000p\000y\000\040\000F\000i\000l\000e\000\040\000R\000e\000f\000e\000r\000e\000n\000c\000e}{chapter.6}
\BOOKMARK [1][-]{section.6.7}{\376\377\000l\000o\000a\000n\000i\000n\000g\000/\000v\000i\000e\000w\000s\000.\000p\000y\000\040\000F\000i\000l\000e\000\040\000R\000e\000f\000e\000r\000e\000n\000c\000e}{chapter.6}
\BOOKMARK [1][-]{section.6.8}{\376\377\000p\000r\000i\000n\000t\000e\000r\000\137\000a\000d\000m\000i\000n\000/\000v\000i\000e\000w\000s\000.\000p\000y\000\040\000F\000i\000l\000e\000\040\000R\000e\000f\000e\000r\000e\000n\000c\000e}{chapter.6}
\BOOKMARK [1][-]{section.6.9}{\376\377\000m\000a\000n\000a\000g\000e\000.\000p\000y\000\040\000F\000i\000l\000e\000\040\000R\000e\000f\000e\000r\000e\000n\000c\000e}{chapter.6}
\BOOKMARK [1][-]{section.6.10}{\376\377\000p\000r\000i\000n\000t\000e\000r\000\137\000a\000d\000m\000i\000n\000/\000r\000u\000n\000.\000p\000y\000\040\000F\000i\000l\000e\000\040\000R\000e\000f\000e\000r\000e\000n\000c\000e}{chapter.6}
\BOOKMARK [1][-]{section.6.11}{\376\377\000s\000e\000n\000d\000E\000m\000a\000i\000l\000.\000p\000y\000\040\000F\000i\000l\000e\000\040\000R\000e\000f\000e\000r\000e\000n\000c\000e}{chapter.6}
\BOOKMARK [1][-]{section.6.12}{\376\377\000s\000e\000t\000t\000i\000n\000g\000s\000.\000p\000y\000\040\000F\000i\000l\000e\000\040\000R\000e\000f\000e\000r\000e\000n\000c\000e}{chapter.6}
\BOOKMARK [1][-]{section.6.13}{\376\377\000u\000r\000l\000s\000.\000p\000y\000\040\000F\000i\000l\000e\000\040\000R\000e\000f\000e\000r\000e\000n\000c\000e}{chapter.6}
